[2024-03-28 18:14:31] [INFO    ] discord.client: logging in using static token
2024-03-28 18:17:29,362 - discord.client - WARNING - PyNaCl is not installed, voice will NOT be supported
2024-03-28 18:17:29,363 - discord.client - INFO - logging in using static token
2024-03-28 18:17:29,588 - root - ERROR - Error running the bot: Improper token has been passed.
2024-03-28 18:21:42,732 - discord.client - WARNING - PyNaCl is not installed, voice will NOT be supported
2024-03-28 18:21:42,733 - discord.client - INFO - logging in using static token
2024-03-28 18:21:42,979 - root - ERROR - Error running the bot: Improper token has been passed.
2024-03-28 18:22:34,177 
- discord.client 
- WARNING 
- PyNaCl is not installed, voice will NOT be supported
2024-03-28 18:22:34,178 
- discord.client 
- INFO 
- logging in using static token
2024-03-28 18:22:34,406 
- root 
- ERROR 
- Error running the bot: Improper token has been passed.
Time: 2024-03-28 18:23:29,096 
- Name: discord.client 
- Level: WARNING 
- Message: PyNaCl is not installed, voice will NOT be supported
Time: 2024-03-28 18:23:29,096 
- Name: discord.client 
- Level: INFO 
- Message: logging in using static token
Time: 2024-03-28 18:23:29,318 
- Name: root 
- Level: ERROR 
- Message: Error running the bot: Improper token has been passed.
Time: 2024-03-28 18:27:24,065 
- Name: discord.client 
- Level: WARNING 
- Message: PyNaCl is not installed, voice will NOT be supported
Time: 2024-03-28 18:27:24,066 
- Name: discord.client 
- Level: INFO 
- Message: logging in using static token
Time: 2024-03-28 18:27:24,282 
- Name: root 
- Level: ERROR 
- Message: Error running the bot: Improper token has been passed.
Time: 2024-03-28 18:31:58,971 
- Name: discord.client 
- Level: WARNING 
- Message: PyNaCl is not installed, voice will NOT be supported
Time: 2024-03-28 18:31:58,972 
- Name: discord.client 
- Level: INFO 
- Message: logging in using static token
Time: 2024-03-28 18:31:59,191 
- Name: root 
- Level: ERROR 
- Message: Error running the bot: Improper token has been passed.
